#
# There is insufficient memory for the Java Runtime Environment to continue.
# Native memory allocation (malloc) failed to allocate 1887056 bytes. Error detail: Chunk::new
# Possible reasons:
#   The system is out of physical RAM or swap space
#   This process is running with CompressedOops enabled, and the Java Heap may be blocking the growth of the native heap
# Possible solutions:
#   Reduce memory load on the system
#   Increase physical memory or swap space
#   Check if swap backing store is full
#   Decrease Java heap size (-Xmx/-Xms)
#   Decrease number of Java threads
#   Decrease Java thread stack sizes (-Xss)
#   Set larger code cache with -XX:ReservedCodeCacheSize=
#   JVM is running with Zero Based Compressed Oops mode in which the Java heap is
#     placed in the first 32GB address space. The Java Heap base address is the
#     maximum limit for the native heap growth. Please use -XX:HeapBaseMinAddress
#     to set the Java Heap base and to place the Java Heap above 32GB virtual address.
# This output file may be truncated or incomplete.
#
#  Out of Memory Error (arena.cpp:149), pid=10816, tid=18076
#
# JRE version: Java(TM) SE Runtime Environment (23.0.1+11) (build 23.0.1+11-39)
# Java VM: Java HotSpot(TM) 64-Bit Server VM (23.0.1+11-39, mixed mode, sharing, tiered, compressed oops, compressed class ptrs, g1 gc, windows-amd64)
# No core dump will be written. Minidumps are not enabled by default on client versions of Windows
#

---------------  S U M M A R Y ------------

Command Line: C:\Users\7atem\AppData\Local\Temp\surefire4132660250159492909\surefirebooter-20250219212858586_3.jar C:\Users\7atem\AppData\Local\Temp\surefire4132660250159492909 2025-02-19T21-28-58_306-jvmRun1 surefire-20250219212858586_1tmp surefire_0-20250219212858586_2tmp

Host: Intel(R) Core(TM) i7-9750H CPU @ 2.60GHz, 12 cores, 15G,  Windows 11 , 64 bit Build 22621 (10.0.22621.4830)
Time: Wed Feb 19 21:29:00 2025 Egypt Standard Time elapsed time: 1.860476 seconds (0d 0h 0m 1s)

---------------  T H R E A D  ---------------

Current thread (0x000002a745024d70):  JavaThread "C2 CompilerThread0" daemon [_thread_in_native, id=18076, stack(0x000000d202f00000,0x000000d203000000) (1024K)]


Current CompileTask:
C2:1860 1965       4       java.lang.invoke.MethodType::methodType (69 bytes)

Stack: [0x000000d202f00000,0x000000d203000000]
Native frames: (J=compiled Java code, j=interpreted, Vv=VM code, C=native code)
V  [jvm.dll+0x6e08b9]  (no source info available)
V  [jvm.dll+0x87dc83]  (no source info available)
V  [jvm.dll+0x88010e]  (no source info available)
V  [jvm.dll+0x8807e3]  (no source info available)
V  [jvm.dll+0x27aee6]  (no source info available)
V  [jvm.dll+0xbc06f]  (no source info available)
V  [jvm.dll+0xbc2cb]  (no source info available)
V  [jvm.dll+0x3b3a62]  (no source info available)
V  [jvm.dll+0x38a42b]  (no source info available)
V  [jvm.dll+0x38989a]  (no source info available)
V  [jvm.dll+0x244aa1]  (no source info available)
V  [jvm.dll+0x243dff]  (no source info available)
V  [jvm.dll+0x1c33a0]  (no source info available)
V  [jvm.dll+0x253cf1]  (no source info available)
V  [jvm.dll+0x251faa]  (no source info available)
V  [jvm.dll+0x3ee036]  (no source info available)
V  [jvm.dll+0x824f8b]  (no source info available)
V  [jvm.dll+0x6df065]  (no source info available)
C  [ucrtbase.dll+0x29333]  (no source info available)
C  [KERNEL32.DLL+0x1259d]  (no source info available)
C  [ntdll.dll+0x5af38]  (no source info available)

Lock stack of current Java thread (top to bottom):


---------------  P R O C E S S  ---------------

Threads class SMR info:
_java_thread_list=0x000002a768a96ac0, length=15, elements={
0x000002a7481ff960, 0x000002a74501c0c0, 0x000002a74501d8a0, 0x000002a74501f570,
0x000002a745020230, 0x000002a745020dc0, 0x000002a745021bd0, 0x000002a745024d70,
0x000002a745031590, 0x000002a7451e0aa0, 0x000002a7451e2130, 0x000002a745307460,
0x000002a767d71a80, 0x000002a767dac1f0, 0x000002a7691f1530
}

Java Threads: ( => current thread )
  0x000002a7481ff960 JavaThread "main"                              [_thread_in_Java, id=19800, stack(0x000000d202100000,0x000000d202200000) (1024K)]
  0x000002a74501c0c0 JavaThread "Reference Handler"          daemon [_thread_blocked, id=1388, stack(0x000000d202900000,0x000000d202a00000) (1024K)]
  0x000002a74501d8a0 JavaThread "Finalizer"                  daemon [_thread_blocked, id=23056, stack(0x000000d202a00000,0x000000d202b00000) (1024K)]
  0x000002a74501f570 JavaThread "Signal Dispatcher"          daemon [_thread_blocked, id=13088, stack(0x000000d202b00000,0x000000d202c00000) (1024K)]
  0x000002a745020230 JavaThread "Attach Listener"            daemon [_thread_blocked, id=16828, stack(0x000000d202c00000,0x000000d202d00000) (1024K)]
  0x000002a745020dc0 JavaThread "Service Thread"             daemon [_thread_blocked, id=17848, stack(0x000000d202d00000,0x000000d202e00000) (1024K)]
  0x000002a745021bd0 JavaThread "Monitor Deflation Thread"   daemon [_thread_blocked, id=23516, stack(0x000000d202e00000,0x000000d202f00000) (1024K)]
=>0x000002a745024d70 JavaThread "C2 CompilerThread0"         daemon [_thread_in_native, id=18076, stack(0x000000d202f00000,0x000000d203000000) (1024K)]
  0x000002a745031590 JavaThread "C1 CompilerThread0"         daemon [_thread_in_native, id=21784, stack(0x000000d203000000,0x000000d203100000) (1024K)]
  0x000002a7451e0aa0 JavaThread "Notification Thread"        daemon [_thread_blocked, id=19232, stack(0x000000d203100000,0x000000d203200000) (1024K)]
  0x000002a7451e2130 JavaThread "Common-Cleaner"             daemon [_thread_blocked, id=23368, stack(0x000000d203200000,0x000000d203300000) (1024K)]
  0x000002a745307460 JavaThread "C2 CompilerThread1"         daemon [_thread_in_native, id=21032, stack(0x000000d203300000,0x000000d203400000) (1024K)]
  0x000002a767d71a80 JavaThread "surefire-forkedjvm-stream-flusher" daemon [_thread_blocked, id=22596, stack(0x000000d203400000,0x000000d203500000) (1024K)]
  0x000002a767dac1f0 JavaThread "surefire-forkedjvm-command-thread" daemon [_thread_in_native, id=22744, stack(0x000000d203500000,0x000000d203600000) (1024K)]
  0x000002a7691f1530 JavaThread "C2 CompilerThread2"         daemon [_thread_in_native, id=18232, stack(0x000000d203f00000,0x000000d204000000) (1024K)]
Total: 15

Other Threads:
  0x000002a76798f430 VMThread "VM Thread"                           [id=22880, stack(0x000000d202800000,0x000000d202900000) (1024K)]
  0x000002a76797dec0 WatcherThread "VM Periodic Task Thread"        [id=13972, stack(0x000000d202700000,0x000000d202800000) (1024K)]
  0x000002a7482689a0 WorkerThread "GC Thread#0"                     [id=6264, stack(0x000000d202200000,0x000000d202300000) (1024K)]
  0x000002a768860f20 WorkerThread "GC Thread#1"                     [id=23428, stack(0x000000d203600000,0x000000d203700000) (1024K)]
  0x000002a7687c9f10 WorkerThread "GC Thread#2"                     [id=2516, stack(0x000000d203700000,0x000000d203800000) (1024K)]
  0x000002a7687ca2c0 WorkerThread "GC Thread#3"                     [id=19176, stack(0x000000d203800000,0x000000d203900000) (1024K)]
  0x000002a7687ca670 WorkerThread "GC Thread#4"                     [id=22336, stack(0x000000d203900000,0x000000d203a00000) (1024K)]
  0x000002a7687c4ac0 WorkerThread "GC Thread#5"                     [id=23048, stack(0x000000d203a00000,0x000000d203b00000) (1024K)]
  0x000002a768926bc0 WorkerThread "GC Thread#6"                     [id=23508, stack(0x000000d203b00000,0x000000d203c00000) (1024K)]
  0x000002a768927e80 WorkerThread "GC Thread#7"                     [id=22312, stack(0x000000d203c00000,0x000000d203d00000) (1024K)]
  0x000002a768928230 WorkerThread "GC Thread#8"                     [id=15744, stack(0x000000d203d00000,0x000000d203e00000) (1024K)]
  0x000002a768928990 WorkerThread "GC Thread#9"                     [id=22816, stack(0x000000d203e00000,0x000000d203f00000) (1024K)]
  0x000002a74827d690 ConcurrentGCThread "G1 Main Marker"            [id=18784, stack(0x000000d202300000,0x000000d202400000) (1024K)]
  0x000002a74827e260 WorkerThread "G1 Conc#0"                       [id=18292, stack(0x000000d202400000,0x000000d202500000) (1024K)]
  0x000002a7482be700 ConcurrentGCThread "G1 Refine#0"               [id=23212, stack(0x000000d202500000,0x000000d202600000) (1024K)]
  0x000002a767845260 ConcurrentGCThread "G1 Service"                [id=22748, stack(0x000000d202600000,0x000000d202700000) (1024K)]
Total: 16

Threads with active compile tasks:
C2 CompilerThread0  1920 1965       4       java.lang.invoke.MethodType::methodType (69 bytes)
C1 CompilerThread0  1921 2088       3       java.lang.invoke.VarHandleGuards::guard_LLL_Z (86 bytes)
C2 CompilerThread1  1921 1975       4       java.lang.invoke.MethodType::makeImpl (109 bytes)
C2 CompilerThread2  1921 2079   !   4       java.net.URL::<init> (543 bytes)
Total: 4

VM state: not at safepoint (normal execution)

VM Mutex/Monitor currently owned by a thread: None

Heap address: 0x0000000701e00000, size: 4066 MB, Compressed Oops mode: Zero based, Oop shift amount: 3

CDS archive(s) mapped at: [0x000002a700000000-0x000002a700d70000-0x000002a700d70000), size 14090240, SharedBaseAddress: 0x000002a700000000, ArchiveRelocationMode: 1.
Compressed class space mapped at: 0x000002a701000000-0x000002a741000000, reserved size: 1073741824
Narrow klass base: 0x000002a700000000, Narrow klass shift: 0, Narrow klass range: 0x41000000

GC Precious Log:
 CardTable entry size: 512
 Card Set container configuration: InlinePtr #cards 4 size 8 Array Of Cards #cards 16 size 48 Howl #buckets 8 coarsen threshold 3686 Howl Bitmap #cards 512 size 80 coarsen threshold 460 Card regions per heap region 1 cards per card region 4096
 CPUs: 12 total, 12 available
 Memory: 16257M
 Large Page Support: Disabled
 NUMA Support: Disabled
 Compressed Oops: Enabled (Zero based)
 Heap Region Size: 2M
 Heap Min Capacity: 8M
 Heap Initial Capacity: 256M
 Heap Max Capacity: 4066M
 Pre-touch: Disabled
 Parallel Workers: 10
 Concurrent Workers: 3
 Concurrent Refinement Workers: 10
 Periodic GC: Disabled

Heap:
 garbage-first heap   total reserved 4163584K, committed 262144K, used 21263K [0x0000000701e00000, 0x0000000800000000)
  region size 2048K, 7 young (14336K), 1 survivors (2048K)
 Metaspace       used 13007K, committed 13312K, reserved 1114112K
  class space    used 1693K, committed 1856K, reserved 1048576K

Heap Regions: E=young(eden), S=young(survivor), O=old, HS=humongous(starts), HC=humongous(continues), CS=collection set, F=free, TAMS=top-at-mark-start, PB=parsable bottom
|   0|0x0000000701e00000, 0x0000000702000000, 0x0000000702000000|100%| O|  |TAMS 0x0000000701e00000| PB 0x0000000701e00000| Untracked |  0
|   1|0x0000000702000000, 0x0000000702200000, 0x0000000702200000|100%| O|  |TAMS 0x0000000702000000| PB 0x0000000702000000| Untracked |  0
|   2|0x0000000702200000, 0x0000000702400000, 0x0000000702400000|100%| O|  |TAMS 0x0000000702200000| PB 0x0000000702200000| Untracked |  0
|   3|0x0000000702400000, 0x0000000702600000, 0x0000000702600000|100%| O|  |TAMS 0x0000000702400000| PB 0x0000000702400000| Untracked |  0
|   4|0x0000000702600000, 0x00000007026effb0, 0x0000000702800000| 46%| O|  |TAMS 0x0000000702600000| PB 0x0000000702600000| Untracked |  0
|   5|0x0000000702800000, 0x0000000702800000, 0x0000000702a00000|  0%| F|  |TAMS 0x0000000702800000| PB 0x0000000702800000| Untracked |  0
|   6|0x0000000702a00000, 0x0000000702a00000, 0x0000000702c00000|  0%| F|  |TAMS 0x0000000702a00000| PB 0x0000000702a00000| Untracked |  0
|   7|0x0000000702c00000, 0x0000000702c00000, 0x0000000702e00000|  0%| F|  |TAMS 0x0000000702c00000| PB 0x0000000702c00000| Untracked |  0
|   8|0x0000000702e00000, 0x0000000702e00000, 0x0000000703000000|  0%| F|  |TAMS 0x0000000702e00000| PB 0x0000000702e00000| Untracked |  0
|   9|0x0000000703000000, 0x0000000703000000, 0x0000000703200000|  0%| F|  |TAMS 0x0000000703000000| PB 0x0000000703000000| Untracked |  0
|  10|0x0000000703200000, 0x0000000703200000, 0x0000000703400000|  0%| F|  |TAMS 0x0000000703200000| PB 0x0000000703200000| Untracked |  0
|  11|0x0000000703400000, 0x0000000703400000, 0x0000000703600000|  0%| F|  |TAMS 0x0000000703400000| PB 0x0000000703400000| Untracked |  0
|  12|0x0000000703600000, 0x0000000703600000, 0x0000000703800000|  0%| F|  |TAMS 0x0000000703600000| PB 0x0000000703600000| Untracked |  0
|  13|0x0000000703800000, 0x0000000703800000, 0x0000000703a00000|  0%| F|  |TAMS 0x0000000703800000| PB 0x0000000703800000| Untracked |  0
|  14|0x0000000703a00000, 0x0000000703a00000, 0x0000000703c00000|  0%| F|  |TAMS 0x0000000703a00000| PB 0x0000000703a00000| Untracked |  0
|  15|0x0000000703c00000, 0x0000000703c00000, 0x0000000703e00000|  0%| F|  |TAMS 0x0000000703c00000| PB 0x0000000703c00000| Untracked |  0
|  16|0x0000000703e00000, 0x0000000703e00000, 0x0000000704000000|  0%| F|  |TAMS 0x0000000703e00000| PB 0x0000000703e00000| Untracked |  0
|  17|0x0000000704000000, 0x0000000704000000, 0x0000000704200000|  0%| F|  |TAMS 0x0000000704000000| PB 0x0000000704000000| Untracked |  0
|  18|0x0000000704200000, 0x0000000704200000, 0x0000000704400000|  0%| F|  |TAMS 0x0000000704200000| PB 0x0000000704200000| Untracked |  0
|  19|0x0000000704400000, 0x0000000704400000, 0x0000000704600000|  0%| F|  |TAMS 0x0000000704400000| PB 0x0000000704400000| Untracked |  0
|  20|0x0000000704600000, 0x0000000704600000, 0x0000000704800000|  0%| F|  |TAMS 0x0000000704600000| PB 0x0000000704600000| Untracked |  0
|  21|0x0000000704800000, 0x0000000704800000, 0x0000000704a00000|  0%| F|  |TAMS 0x0000000704800000| PB 0x0000000704800000| Untracked |  0
|  22|0x0000000704a00000, 0x0000000704a00000, 0x0000000704c00000|  0%| F|  |TAMS 0x0000000704a00000| PB 0x0000000704a00000| Untracked |  0
|  23|0x0000000704c00000, 0x0000000704c00000, 0x0000000704e00000|  0%| F|  |TAMS 0x0000000704c00000| PB 0x0000000704c00000| Untracked |  0
|  24|0x0000000704e00000, 0x0000000704e00000, 0x0000000705000000|  0%| F|  |TAMS 0x0000000704e00000| PB 0x0000000704e00000| Untracked |  0
|  25|0x0000000705000000, 0x0000000705000000, 0x0000000705200000|  0%| F|  |TAMS 0x0000000705000000| PB 0x0000000705000000| Untracked |  0
|  26|0x0000000705200000, 0x0000000705200000, 0x0000000705400000|  0%| F|  |TAMS 0x0000000705200000| PB 0x0000000705200000| Untracked |  0
|  27|0x0000000705400000, 0x0000000705400000, 0x0000000705600000|  0%| F|  |TAMS 0x0000000705400000| PB 0x0000000705400000| Untracked |  0
|  28|0x0000000705600000, 0x0000000705600000, 0x0000000705800000|  0%| F|  |TAMS 0x0000000705600000| PB 0x0000000705600000| Untracked |  0
|  29|0x0000000705800000, 0x0000000705800000, 0x0000000705a00000|  0%| F|  |TAMS 0x0000000705800000| PB 0x0000000705800000| Untracked |  0
|  30|0x0000000705a00000, 0x0000000705a00000, 0x0000000705c00000|  0%| F|  |TAMS 0x0000000705a00000| PB 0x0000000705a00000| Untracked |  0
|  31|0x0000000705c00000, 0x0000000705c00000, 0x0000000705e00000|  0%| F|  |TAMS 0x0000000705c00000| PB 0x0000000705c00000| Untracked |  0
|  32|0x0000000705e00000, 0x0000000705e00000, 0x0000000706000000|  0%| F|  |TAMS 0x0000000705e00000| PB 0x0000000705e00000| Untracked |  0
|  33|0x0000000706000000, 0x0000000706000000, 0x0000000706200000|  0%| F|  |TAMS 0x0000000706000000| PB 0x0000000706000000| Untracked |  0
|  34|0x0000000706200000, 0x0000000706200000, 0x0000000706400000|  0%| F|  |TAMS 0x0000000706200000| PB 0x0000000706200000| Untracked |  0
|  35|0x0000000706400000, 0x0000000706400000, 0x0000000706600000|  0%| F|  |TAMS 0x0000000706400000| PB 0x0000000706400000| Untracked |  0
|  36|0x0000000706600000, 0x0000000706600000, 0x0000000706800000|  0%| F|  |TAMS 0x0000000706600000| PB 0x0000000706600000| Untracked |  0
|  37|0x0000000706800000, 0x0000000706800000, 0x0000000706a00000|  0%| F|  |TAMS 0x0000000706800000| PB 0x0000000706800000| Untracked |  0
|  38|0x0000000706a00000, 0x0000000706a00000, 0x0000000706c00000|  0%| F|  |TAMS 0x0000000706a00000| PB 0x0000000706a00000| Untracked |  0
|  39|0x0000000706c00000, 0x0000000706c00000, 0x0000000706e00000|  0%| F|  |TAMS 0x0000000706c00000| PB 0x0000000706c00000| Untracked |  0
|  40|0x0000000706e00000, 0x0000000706e00000, 0x0000000707000000|  0%| F|  |TAMS 0x0000000706e00000| PB 0x0000000706e00000| Untracked |  0
|  41|0x0000000707000000, 0x0000000707000000, 0x0000000707200000|  0%| F|  |TAMS 0x0000000707000000| PB 0x0000000707000000| Untracked |  0
|  42|0x0000000707200000, 0x0000000707200000, 0x0000000707400000|  0%| F|  |TAMS 0x0000000707200000| PB 0x0000000707200000| Untracked |  0
|  43|0x0000000707400000, 0x0000000707400000, 0x0000000707600000|  0%| F|  |TAMS 0x0000000707400000| PB 0x0000000707400000| Untracked |  0
|  44|0x0000000707600000, 0x0000000707600000, 0x0000000707800000|  0%| F|  |TAMS 0x0000000707600000| PB 0x0000000707600000| Untracked |  0
|  45|0x0000000707800000, 0x0000000707800000, 0x0000000707a00000|  0%| F|  |TAMS 0x0000000707800000| PB 0x0000000707800000| Untracked |  0
|  46|0x0000000707a00000, 0x0000000707a00000, 0x0000000707c00000|  0%| F|  |TAMS 0x0000000707a00000| PB 0x0000000707a00000| Untracked |  0
|  47|0x0000000707c00000, 0x0000000707c00000, 0x0000000707e00000|  0%| F|  |TAMS 0x0000000707c00000| PB 0x0000000707c00000| Untracked |  0
|  48|0x0000000707e00000, 0x0000000707e00000, 0x0000000708000000|  0%| F|  |TAMS 0x0000000707e00000| PB 0x0000000707e00000| Untracked |  0
|  49|0x0000000708000000, 0x0000000708000000, 0x0000000708200000|  0%| F|  |TAMS 0x0000000708000000| PB 0x0000000708000000| Untracked |  0
|  50|0x0000000708200000, 0x0000000708200000, 0x0000000708400000|  0%| F|  |TAMS 0x0000000708200000| PB 0x0000000708200000| Untracked |  0
|  51|0x0000000708400000, 0x0000000708400000, 0x0000000708600000|  0%| F|  |TAMS 0x0000000708400000| PB 0x0000000708400000| Untracked |  0
|  52|0x0000000708600000, 0x0000000708600000, 0x0000000708800000|  0%| F|  |TAMS 0x0000000708600000| PB 0x0000000708600000| Untracked |  0
|  53|0x0000000708800000, 0x0000000708800000, 0x0000000708a00000|  0%| F|  |TAMS 0x0000000708800000| PB 0x0000000708800000| Untracked |  0
|  54|0x0000000708a00000, 0x0000000708a00000, 0x0000000708c00000|  0%| F|  |TAMS 0x0000000708a00000| PB 0x0000000708a00000| Untracked |  0
|  55|0x0000000708c00000, 0x0000000708c00000, 0x0000000708e00000|  0%| F|  |TAMS 0x0000000708c00000| PB 0x0000000708c00000| Untracked |  0
|  56|0x0000000708e00000, 0x0000000708e00000, 0x0000000709000000|  0%| F|  |TAMS 0x0000000708e00000| PB 0x0000000708e00000| Untracked |  0
|  57|0x0000000709000000, 0x0000000709000000, 0x0000000709200000|  0%| F|  |TAMS 0x0000000709000000| PB 0x0000000709000000| Untracked |  0
|  58|0x0000000709200000, 0x0000000709200000, 0x0000000709400000|  0%| F|  |TAMS 0x0000000709200000| PB 0x0000000709200000| Untracked |  0
|  59|0x0000000709400000, 0x0000000709400000, 0x0000000709600000|  0%| F|  |TAMS 0x0000000709400000| PB 0x0000000709400000| Untracked |  0
|  60|0x0000000709600000, 0x0000000709600000, 0x0000000709800000|  0%| F|  |TAMS 0x0000000709600000| PB 0x0000000709600000| Untracked |  0
|  61|0x0000000709800000, 0x0000000709800000, 0x0000000709a00000|  0%| F|  |TAMS 0x0000000709800000| PB 0x0000000709800000| Untracked |  0
|  62|0x0000000709a00000, 0x0000000709a00000, 0x0000000709c00000|  0%| F|  |TAMS 0x0000000709a00000| PB 0x0000000709a00000| Untracked |  0
|  63|0x0000000709c00000, 0x0000000709c00000, 0x0000000709e00000|  0%| F|  |TAMS 0x0000000709c00000| PB 0x0000000709c00000| Untracked |  0
|  64|0x0000000709e00000, 0x0000000709e00000, 0x000000070a000000|  0%| F|  |TAMS 0x0000000709e00000| PB 0x0000000709e00000| Untracked |  0
|  65|0x000000070a000000, 0x000000070a000000, 0x000000070a200000|  0%| F|  |TAMS 0x000000070a000000| PB 0x000000070a000000| Untracked |  0
|  66|0x000000070a200000, 0x000000070a200000, 0x000000070a400000|  0%| F|  |TAMS 0x000000070a200000| PB 0x000000070a200000| Untracked |  0
|  67|0x000000070a400000, 0x000000070a400000, 0x000000070a600000|  0%| F|  |TAMS 0x000000070a400000| PB 0x000000070a400000| Untracked |  0
|  68|0x000000070a600000, 0x000000070a600000, 0x000000070a800000|  0%| F|  |TAMS 0x000000070a600000| PB 0x000000070a600000| Untracked |  0
|  69|0x000000070a800000, 0x000000070a800000, 0x000000070aa00000|  0%| F|  |TAMS 0x000000070a800000| PB 0x000000070a800000| Untracked |  0
|  70|0x000000070aa00000, 0x000000070aa00000, 0x000000070ac00000|  0%| F|  |TAMS 0x000000070aa00000| PB 0x000000070aa00000| Untracked |  0
|  71|0x000000070ac00000, 0x000000070ac00000, 0x000000070ae00000|  0%| F|  |TAMS 0x000000070ac00000| PB 0x000000070ac00000| Untracked |  0
|  72|0x000000070ae00000, 0x000000070ae00000, 0x000000070b000000|  0%| F|  |TAMS 0x000000070ae00000| PB 0x000000070ae00000| Untracked |  0
|  73|0x000000070b000000, 0x000000070b000000, 0x000000070b200000|  0%| F|  |TAMS 0x000000070b000000| PB 0x000000070b000000| Untracked |  0
|  74|0x000000070b200000, 0x000000070b200000, 0x000000070b400000|  0%| F|  |TAMS 0x000000070b200000| PB 0x000000070b200000| Untracked |  0
|  75|0x000000070b400000, 0x000000070b400000, 0x000000070b600000|  0%| F|  |TAMS 0x000000070b400000| PB 0x000000070b400000| Untracked |  0
|  76|0x000000070b600000, 0x000000070b600000, 0x000000070b800000|  0%| F|  |TAMS 0x000000070b600000| PB 0x000000070b600000| Untracked |  0
|  77|0x000000070b800000, 0x000000070b800000, 0x000000070ba00000|  0%| F|  |TAMS 0x000000070b800000| PB 0x000000070b800000| Untracked |  0
|  78|0x000000070ba00000, 0x000000070ba00000, 0x000000070bc00000|  0%| F|  |TAMS 0x000000070ba00000| PB 0x000000070ba00000| Untracked |  0
|  79|0x000000070bc00000, 0x000000070bc00000, 0x000000070be00000|  0%| F|  |TAMS 0x000000070bc00000| PB 0x000000070bc00000| Untracked |  0
|  80|0x000000070be00000, 0x000000070be00000, 0x000000070c000000|  0%| F|  |TAMS 0x000000070be00000| PB 0x000000070be00000| Untracked |  0
|  81|0x000000070c000000, 0x000000070c000000, 0x000000070c200000|  0%| F|  |TAMS 0x000000070c000000| PB 0x000000070c000000| Untracked |  0
|  82|0x000000070c200000, 0x000000070c200000, 0x000000070c400000|  0%| F|  |TAMS 0x000000070c200000| PB 0x000000070c200000| Untracked |  0
|  83|0x000000070c400000, 0x000000070c400000, 0x000000070c600000|  0%| F|  |TAMS 0x000000070c400000| PB 0x000000070c400000| Untracked |  0
|  84|0x000000070c600000, 0x000000070c600000, 0x000000070c800000|  0%| F|  |TAMS 0x000000070c600000| PB 0x000000070c600000| Untracked |  0
|  85|0x000000070c800000, 0x000000070c800000, 0x000000070ca00000|  0%| F|  |TAMS 0x000000070c800000| PB 0x000000070c800000| Untracked |  0
|  86|0x000000070ca00000, 0x000000070ca00000, 0x000000070cc00000|  0%| F|  |TAMS 0x000000070ca00000| PB 0x000000070ca00000| Untracked |  0
|  87|0x000000070cc00000, 0x000000070cc00000, 0x000000070ce00000|  0%| F|  |TAMS 0x000000070cc00000| PB 0x000000070cc00000| Untracked |  0
|  88|0x000000070ce00000, 0x000000070ce00000, 0x000000070d000000|  0%| F|  |TAMS 0x000000070ce00000| PB 0x000000070ce00000| Untracked |  0
|  89|0x000000070d000000, 0x000000070d000000, 0x000000070d200000|  0%| F|  |TAMS 0x000000070d000000| PB 0x000000070d000000| Untracked |  0
|  90|0x000000070d200000, 0x000000070d200000, 0x000000070d400000|  0%| F|  |TAMS 0x000000070d200000| PB 0x000000070d200000| Untracked |  0
|  91|0x000000070d400000, 0x000000070d400000, 0x000000070d600000|  0%| F|  |TAMS 0x000000070d400000| PB 0x000000070d400000| Untracked |  0
|  92|0x000000070d600000, 0x000000070d600000, 0x000000070d800000|  0%| F|  |TAMS 0x000000070d600000| PB 0x000000070d600000| Untracked |  0
|  93|0x000000070d800000, 0x000000070d800000, 0x000000070da00000|  0%| F|  |TAMS 0x000000070d800000| PB 0x000000070d800000| Untracked |  0
|  94|0x000000070da00000, 0x000000070da00000, 0x000000070dc00000|  0%| F|  |TAMS 0x000000070da00000| PB 0x000000070da00000| Untracked |  0
|  95|0x000000070dc00000, 0x000000070dc00000, 0x000000070de00000|  0%| F|  |TAMS 0x000000070dc00000| PB 0x000000070dc00000| Untracked |  0
|  96|0x000000070de00000, 0x000000070de00000, 0x000000070e000000|  0%| F|  |TAMS 0x000000070de00000| PB 0x000000070de00000| Untracked |  0
|  97|0x000000070e000000, 0x000000070e000000, 0x000000070e200000|  0%| F|  |TAMS 0x000000070e000000| PB 0x000000070e000000| Untracked |  0
|  98|0x000000070e200000, 0x000000070e200000, 0x000000070e400000|  0%| F|  |TAMS 0x000000070e200000| PB 0x000000070e200000| Untracked |  0
|  99|0x000000070e400000, 0x000000070e400000, 0x000000070e600000|  0%| F|  |TAMS 0x000000070e400000| PB 0x000000070e400000| Untracked |  0
| 100|0x000000070e600000, 0x000000070e600000, 0x000000070e800000|  0%| F|  |TAMS 0x000000070e600000| PB 0x000000070e600000| Untracked |  0
| 101|0x000000070e800000, 0x000000070e800000, 0x000000070ea00000|  0%| F|  |TAMS 0x000000070e800000| PB 0x000000070e800000| Untracked |  0
| 102|0x000000070ea00000, 0x000000070ea00000, 0x000000070ec00000|  0%| F|  |TAMS 0x000000070ea00000| PB 0x000000070ea00000| Untracked |  0
| 103|0x000000070ec00000, 0x000000070ec00000, 0x000000070ee00000|  0%| F|  |TAMS 0x000000070ec00000| PB 0x000000070ec00000| Untracked |  0
| 104|0x000000070ee00000, 0x000000070ee00000, 0x000000070f000000|  0%| F|  |TAMS 0x000000070ee00000| PB 0x000000070ee00000| Untracked |  0
| 105|0x000000070f000000, 0x000000070f000000, 0x000000070f200000|  0%| F|  |TAMS 0x000000070f000000| PB 0x000000070f000000| Untracked |  0
| 106|0x000000070f200000, 0x000000070f200000, 0x000000070f400000|  0%| F|  |TAMS 0x000000070f200000| PB 0x000000070f200000| Untracked |  0
| 107|0x000000070f400000, 0x000000070f400000, 0x000000070f600000|  0%| F|  |TAMS 0x000000070f400000| PB 0x000000070f400000| Untracked |  0
| 108|0x000000070f600000, 0x000000070f600000, 0x000000070f800000|  0%| F|  |TAMS 0x000000070f600000| PB 0x000000070f600000| Untracked |  0
| 109|0x000000070f800000, 0x000000070f800000, 0x000000070fa00000|  0%| F|  |TAMS 0x000000070f800000| PB 0x000000070f800000| Untracked |  0
| 110|0x000000070fa00000, 0x000000070fa00000, 0x000000070fc00000|  0%| F|  |TAMS 0x000000070fa00000| PB 0x000000070fa00000| Untracked |  0
| 111|0x000000070fc00000, 0x000000070fc00000, 0x000000070fe00000|  0%| F|  |TAMS 0x000000070fc00000| PB 0x000000070fc00000| Untracked |  0
| 112|0x000000070fe00000, 0x000000070fe00000, 0x0000000710000000|  0%| F|  |TAMS 0x000000070fe00000| PB 0x000000070fe00000| Untracked |  0
| 113|0x0000000710000000, 0x0000000710000000, 0x0000000710200000|  0%| F|  |TAMS 0x0000000710000000| PB 0x0000000710000000| Untracked |  0
| 114|0x0000000710200000, 0x0000000710200000, 0x0000000710400000|  0%| F|  |TAMS 0x0000000710200000| PB 0x0000000710200000| Untracked |  0
| 115|0x0000000710400000, 0x0000000710400000, 0x0000000710600000|  0%| F|  |TAMS 0x0000000710400000| PB 0x0000000710400000| Untracked |  0
| 116|0x0000000710600000, 0x0000000710600000, 0x0000000710800000|  0%| F|  |TAMS 0x0000000710600000| PB 0x0000000710600000| Untracked |  0
| 117|0x0000000710800000, 0x0000000710800000, 0x0000000710a00000|  0%| F|  |TAMS 0x0000000710800000| PB 0x0000000710800000| Untracked |  0
| 118|0x0000000710a00000, 0x0000000710bd3e40, 0x0000000710c00000| 91%| S|CS|TAMS 0x0000000710a00000| PB 0x0000000710a00000| Complete |  0
| 119|0x0000000710c00000, 0x0000000710c00000, 0x0000000710e00000|  0%| F|  |TAMS 0x0000000710c00000| PB 0x0000000710c00000| Untracked |  0
| 120|0x0000000710e00000, 0x0000000710e00000, 0x0000000711000000|  0%| F|  |TAMS 0x0000000710e00000| PB 0x0000000710e00000| Untracked |  0
| 121|0x0000000711000000, 0x0000000711061fe0, 0x0000000711200000| 19%| E|  |TAMS 0x0000000711000000| PB 0x0000000711000000| Complete |  0
| 122|0x0000000711200000, 0x0000000711400000, 0x0000000711400000|100%| E|CS|TAMS 0x0000000711200000| PB 0x0000000711200000| Complete |  0
| 123|0x0000000711400000, 0x0000000711600000, 0x0000000711600000|100%| E|CS|TAMS 0x0000000711400000| PB 0x0000000711400000| Complete |  0
| 124|0x0000000711600000, 0x0000000711800000, 0x0000000711800000|100%| E|CS|TAMS 0x0000000711600000| PB 0x0000000711600000| Complete |  0
| 125|0x0000000711800000, 0x0000000711a00000, 0x0000000711a00000|100%| E|CS|TAMS 0x0000000711800000| PB 0x0000000711800000| Complete |  0
| 126|0x0000000711a00000, 0x0000000711c00000, 0x0000000711c00000|100%| E|CS|TAMS 0x0000000711a00000| PB 0x0000000711a00000| Complete |  0
| 127|0x0000000711c00000, 0x0000000711e00000, 0x0000000711e00000|100%| E|CS|TAMS 0x0000000711c00000| PB 0x0000000711c00000| Complete |  0

Card table byte_map: [0x000002a760680000,0x000002a760e80000] _byte_map_base: 0x000002a75ce71000

Marking Bits: (CMBitMap*) 0x000002a748268fc0
 Bits: [0x000002a760e80000, 0x000002a764e08000)

Polling page: 0x000002a746070000

Metaspace:

Usage:
  Non-class:     11.14 MB used.
      Class:      1.67 MB used.
       Both:     12.80 MB used.

Virtual space:
  Non-class space:       64.00 MB reserved,      11.25 MB ( 18%) committed,  1 nodes.
      Class space:        1.00 GB reserved,       1.81 MB ( <1%) committed,  1 nodes.
             Both:        1.06 GB reserved,      13.06 MB (  1%) committed. 

Chunk freelists:
   Non-Class:  4.38 MB
       Class:  14.23 MB
        Both:  18.62 MB

MaxMetaspaceSize: unlimited
CompressedClassSpaceSize: 1.00 GB
Initial GC threshold: 21.00 MB
Current GC threshold: 21.00 MB
CDS: on
 - commit_granule_bytes: 65536.
 - commit_granule_words: 8192.
 - virtual_space_node_default_size: 8388608.
 - enlarge_chunks_in_place: 1.
 - use_allocation_guard: 0.


Internal statistics:

num_allocs_failed_limit: 0.
num_arena_births: 220.
num_arena_deaths: 0.
num_vsnodes_births: 2.
num_vsnodes_deaths: 0.
num_space_committed: 209.
num_space_uncommitted: 0.
num_chunks_returned_to_freelist: 0.
num_chunks_taken_from_freelist: 683.
num_chunk_merges: 0.
num_chunk_splits: 406.
num_chunks_enlarged: 261.
num_inconsistent_stats: 0.

CodeHeap 'non-profiled nmethods': size=120064Kb used=679Kb max_used=679Kb free=119384Kb
 bounds [0x000002a7583f0000, 0x000002a758660000, 0x000002a75f930000]
CodeHeap 'profiled nmethods': size=120000Kb used=2948Kb max_used=2948Kb free=117051Kb
 bounds [0x000002a750930000, 0x000002a750c20000, 0x000002a757e60000]
CodeHeap 'non-nmethods': size=5696Kb used=1419Kb max_used=1437Kb free=4276Kb
 bounds [0x000002a757e60000, 0x000002a7580d0000, 0x000002a7583f0000]
CodeCache: size=245760Kb, used=5046Kb, max_used=5064Kb, free=240711Kb
 total_blobs=2607, nmethods=2090, adapters=422, full_count=0
Compilation: enabled, stopped_count=0, restarted_count=0

Compilation events (20 events):
Event: 1.824 Thread 0x000002a745031590 2038       3       java.lang.invoke.LambdaForm$MH/0x000002a701014800::invoke (25 bytes)
Event: 1.824 Thread 0x000002a745031590 nmethod 2038 0x000002a750bfaf08 code [0x000002a750bfb040, 0x000002a750bfb550]
Event: 1.825 Thread 0x000002a745031590 2039       3       java.lang.invoke.DirectMethodHandle$Holder::invokeSpecial (15 bytes)
Event: 1.826 Thread 0x000002a745031590 nmethod 2039 0x000002a750bfb588 code [0x000002a750bfb6c0, 0x000002a750bfbc00]
Event: 1.826 Thread 0x000002a745031590 2042       3       java.lang.StackStreamFactory$FrameBuffer::isEmpty (32 bytes)
Event: 1.826 Thread 0x000002a745031590 nmethod 2042 0x000002a750bfbc88 code [0x000002a750bfbda0, 0x000002a750bfbf58]
Event: 1.826 Thread 0x000002a745031590 2040       3       java.lang.invoke.LambdaForm$MH/0x000002a701014c00::invoke (35 bytes)
Event: 1.827 Thread 0x000002a745031590 nmethod 2040 0x000002a750bfbf88 code [0x000002a750bfc0e0, 0x000002a750bfc760]
Event: 1.827 Thread 0x000002a745031590 2041       1       java.lang.invoke.ResolvedMethodName::declaringClass (5 bytes)
Event: 1.827 Thread 0x000002a745031590 nmethod 2041 0x000002a758496208 code [0x000002a758496320, 0x000002a7584963f0]
Event: 1.834 Thread 0x000002a745031590 2043       3       ch.qos.logback.classic.Logger::getChildByName (68 bytes)
Event: 1.835 Thread 0x000002a745031590 nmethod 2043 0x000002a750bfc788 code [0x000002a750bfc900, 0x000002a750bfce80]
Event: 1.839 Thread 0x000002a745031590 2044       3       java.lang.invoke.DelegatingMethodHandle::rebind (8 bytes)
Event: 1.839 Thread 0x000002a745031590 nmethod 2044 0x000002a750bfcf08 code [0x000002a750bfd040, 0x000002a750bfd2d0]
Event: 1.846 Thread 0x000002a745031590 2046   !   3       java.lang.invoke.InnerClassLambdaMetafactory::generateInnerClass (506 bytes)
Event: 1.849 Thread 0x000002a745031590 nmethod 2046 0x000002a750bfd308 code [0x000002a750bfd720, 0x000002a750bff730]
Event: 1.849 Thread 0x000002a745031590 2047       3       java.lang.invoke.InnerClassLambdaMetafactory$ForwardingMethodGenerator::<init> (11 bytes)
Event: 1.850 Thread 0x000002a745031590 nmethod 2047 0x000002a750bff808 code [0x000002a750bff940, 0x000002a750bffb40]
Event: 1.850 Thread 0x000002a745031590 2048       3       jdk.internal.org.objectweb.asm.ClassWriter::visitEnd (1 bytes)
Event: 1.850 Thread 0x000002a745031590 nmethod 2048 0x000002a750bffb88 code [0x000002a750bffca0, 0x000002a750bffda8]

GC Heap History (4 events):
Event: 0.789 GC heap before
{Heap before GC invocations=0 (full 0):
 garbage-first heap   total reserved 4163584K, committed 262144K, used 22528K [0x0000000701e00000, 0x0000000800000000)
  region size 2048K, 12 young (24576K), 0 survivors (0K)
 Metaspace       used 4743K, committed 4928K, reserved 1114112K
  class space    used 547K, committed 640K, reserved 1048576K
}
Event: 0.796 GC heap after
{Heap after GC invocations=1 (full 0):
 garbage-first heap   total reserved 4163584K, committed 262144K, used 9382K [0x0000000701e00000, 0x0000000800000000)
  region size 2048K, 2 young (4096K), 2 survivors (4096K)
 Metaspace       used 4743K, committed 4928K, reserved 1114112K
  class space    used 547K, committed 640K, reserved 1048576K
}
Event: 1.472 GC heap before
{Heap before GC invocations=1 (full 0):
 garbage-first heap   total reserved 4163584K, committed 262144K, used 27814K [0x0000000701e00000, 0x0000000800000000)
  region size 2048K, 11 young (22528K), 2 survivors (4096K)
 Metaspace       used 9987K, committed 10304K, reserved 1114112K
  class space    used 1243K, committed 1408K, reserved 1048576K
}
Event: 1.477 GC heap after
{Heap after GC invocations=2 (full 0):
 garbage-first heap   total reserved 4163584K, committed 262144K, used 11023K [0x0000000701e00000, 0x0000000800000000)
  region size 2048K, 1 young (2048K), 1 survivors (2048K)
 Metaspace       used 9987K, committed 10304K, reserved 1114112K
  class space    used 1243K, committed 1408K, reserved 1048576K
}

Dll operation events (8 events):
Event: 0.009 Loaded shared library C:\Program Files\Java\jdk-23\bin\java.dll
Event: 0.054 Loaded shared library C:\Program Files\Java\jdk-23\bin\jsvml.dll
Event: 0.078 Loaded shared library C:\Program Files\Java\jdk-23\bin\net.dll
Event: 0.080 Loaded shared library C:\Program Files\Java\jdk-23\bin\nio.dll
Event: 0.085 Loaded shared library C:\Program Files\Java\jdk-23\bin\zip.dll
Event: 0.154 Loaded shared library C:\Program Files\Java\jdk-23\bin\management.dll
Event: 0.159 Loaded shared library C:\Program Files\Java\jdk-23\bin\management_ext.dll
Event: 0.178 Loaded shared library C:\Program Files\Java\jdk-23\bin\jimage.dll

Deoptimization events (20 events):
Event: 1.665 Thread 0x000002a7481ff960 Uncommon trap: trap_request=0xffffffde fr.pc=0x000002a7584934b4 relative=0x0000000000000114
Event: 1.665 Thread 0x000002a7481ff960 Uncommon trap: reason=class_check action=maybe_recompile pc=0x000002a7584934b4 method=jdk.internal.misc.Unsafe.allocateUninitializedArray(Ljava/lang/Class;I)Ljava/lang/Object; @ 51 c2
Event: 1.665 Thread 0x000002a7481ff960 DEOPT PACKING pc=0x000002a7584934b4 sp=0x000000d2021fc1a0
Event: 1.665 Thread 0x000002a7481ff960 DEOPT UNPACKING pc=0x000002a757eb4402 sp=0x000000d2021fc118 mode 2
Event: 1.665 Thread 0x000002a7481ff960 Uncommon trap: trap_request=0xffffffde fr.pc=0x000002a7584934b4 relative=0x0000000000000114
Event: 1.665 Thread 0x000002a7481ff960 Uncommon trap: reason=class_check action=maybe_recompile pc=0x000002a7584934b4 method=jdk.internal.misc.Unsafe.allocateUninitializedArray(Ljava/lang/Class;I)Ljava/lang/Object; @ 51 c2
Event: 1.665 Thread 0x000002a7481ff960 DEOPT PACKING pc=0x000002a7584934b4 sp=0x000000d2021fbbb0
Event: 1.665 Thread 0x000002a7481ff960 DEOPT UNPACKING pc=0x000002a757eb4402 sp=0x000000d2021fbb28 mode 2
Event: 1.665 Thread 0x000002a7481ff960 Uncommon trap: trap_request=0xffffffde fr.pc=0x000002a7584934b4 relative=0x0000000000000114
Event: 1.665 Thread 0x000002a7481ff960 Uncommon trap: reason=class_check action=maybe_recompile pc=0x000002a7584934b4 method=jdk.internal.misc.Unsafe.allocateUninitializedArray(Ljava/lang/Class;I)Ljava/lang/Object; @ 51 c2
Event: 1.665 Thread 0x000002a7481ff960 DEOPT PACKING pc=0x000002a7584934b4 sp=0x000000d2021fbbb0
Event: 1.665 Thread 0x000002a7481ff960 DEOPT UNPACKING pc=0x000002a757eb4402 sp=0x000000d2021fbb28 mode 2
Event: 1.665 Thread 0x000002a7481ff960 Uncommon trap: trap_request=0xffffffde fr.pc=0x000002a7584934b4 relative=0x0000000000000114
Event: 1.665 Thread 0x000002a7481ff960 Uncommon trap: reason=class_check action=maybe_recompile pc=0x000002a7584934b4 method=jdk.internal.misc.Unsafe.allocateUninitializedArray(Ljava/lang/Class;I)Ljava/lang/Object; @ 51 c2
Event: 1.665 Thread 0x000002a7481ff960 DEOPT PACKING pc=0x000002a7584934b4 sp=0x000000d2021fbd50
Event: 1.665 Thread 0x000002a7481ff960 DEOPT UNPACKING pc=0x000002a757eb4402 sp=0x000000d2021fbcc8 mode 2
Event: 1.740 Thread 0x000002a7481ff960 Uncommon trap: trap_request=0xffffff45 fr.pc=0x000002a758481294 relative=0x0000000000001754
Event: 1.740 Thread 0x000002a7481ff960 Uncommon trap: reason=unstable_if action=reinterpret pc=0x000002a758481294 method=java.util.concurrent.ConcurrentHashMap.transfer([Ljava/util/concurrent/ConcurrentHashMap$Node;[Ljava/util/concurrent/ConcurrentHashMap$Node;)V @ 26 c2
Event: 1.740 Thread 0x000002a7481ff960 DEOPT PACKING pc=0x000002a758481294 sp=0x000000d2021fc2f0
Event: 1.740 Thread 0x000002a7481ff960 DEOPT UNPACKING pc=0x000002a757eb4402 sp=0x000000d2021fc260 mode 2

Classes loaded (20 events):
Event: 1.822 Loading class java/lang/StackStreamFactory
Event: 1.822 Loading class java/lang/StackStreamFactory done
Event: 1.822 Loading class java/lang/StackWalker$ExtendedOption
Event: 1.822 Loading class java/lang/StackWalker$ExtendedOption done
Event: 1.822 Loading class java/lang/StackStreamFactory$StackFrameTraverser
Event: 1.822 Loading class java/lang/StackStreamFactory$StackFrameTraverser done
Event: 1.822 Loading class java/lang/StackStreamFactory$WalkerState
Event: 1.822 Loading class java/lang/StackStreamFactory$WalkerState done
Event: 1.823 Loading class java/lang/StackStreamFactory$StackFrameBuffer
Event: 1.823 Loading class java/lang/StackStreamFactory$FrameBuffer
Event: 1.823 Loading class java/lang/StackStreamFactory$FrameBuffer done
Event: 1.823 Loading class java/lang/StackStreamFactory$StackFrameBuffer done
Event: 1.832 Loading class java/nio/file/InvalidPathException
Event: 1.832 Loading class java/nio/file/InvalidPathException done
Event: 1.837 Loading class java/util/Collections$SynchronizedRandomAccessList
Event: 1.837 Loading class java/util/Collections$SynchronizedList
Event: 1.837 Loading class java/util/Collections$SynchronizedList done
Event: 1.838 Loading class java/util/Collections$SynchronizedRandomAccessList done
Event: 1.843 Loading class java/util/concurrent/RejectedExecutionException
Event: 1.843 Loading class java/util/concurrent/RejectedExecutionException done

Classes unloaded (0 events):
No events

Classes redefined (0 events):
No events

Internal exceptions (20 events):
Event: 1.069 Thread 0x000002a7481ff960 Exception <a 'java/lang/NoSuchMethodError'{0x00000007117d54e8}: 'java.lang.Object java.lang.invoke.Invokers$Holder.linkToTargetMethod(java.lang.Object, long, java.lang.Object, java.lang.Object)'> (0x00000007117d54e8) 
thrown [s\open\src\hotspot\share\interpreter\linkResolver.cpp, line 796]
Event: 1.093 Thread 0x000002a7481ff960 Implicit null exception at 0x000002a758457fc0 to 0x000002a758458d08
Event: 1.094 Thread 0x000002a7481ff960 Implicit null exception at 0x000002a758456ca0 to 0x000002a758456d22
Event: 1.206 Thread 0x000002a7481ff960 Exception <a 'java/lang/NoSuchMethodError'{0x0000000711346260}: 'int java.lang.invoke.DirectMethodHandle$Holder.invokeStaticInit(java.lang.Object, java.lang.Object, java.lang.Object)'> (0x0000000711346260) 
thrown [s\open\src\hotspot\share\interpreter\linkResolver.cpp, line 796]
Event: 1.252 Thread 0x000002a7481ff960 Exception <a 'java/lang/NoSuchMethodError'{0x000000071104d750}: 'int java.lang.invoke.DirectMethodHandle$Holder.invokeInterface(java.lang.Object, java.lang.Object)'> (0x000000071104d750) 
thrown [s\open\src\hotspot\share\interpreter\linkResolver.cpp, line 796]
Event: 1.289 Thread 0x000002a7481ff960 Exception <a 'java/lang/NoSuchMethodError'{0x0000000711124af0}: 'void java.lang.invoke.DirectMethodHandle$Holder.invokeStaticInit(java.lang.Object, java.lang.Object)'> (0x0000000711124af0) 
thrown [s\open\src\hotspot\share\interpreter\linkResolver.cpp, line 796]
Event: 1.298 Thread 0x000002a7481ff960 Exception <a 'java/lang/NoSuchMethodError'{0x0000000711149258}: 'java.lang.Object java.lang.invoke.DirectMethodHandle$Holder.invokeStatic(java.lang.Object, int, java.lang.Object)'> (0x0000000711149258) 
thrown [s\open\src\hotspot\share\interpreter\linkResolver.cpp, line 796]
Event: 1.328 Thread 0x000002a7481ff960 Exception <a 'java/lang/NoSuchMethodError'{0x00000007111fddf0}: 'int java.lang.invoke.DirectMethodHandle$Holder.invokeVirtual(java.lang.Object, java.lang.Object, java.lang.Object)'> (0x00000007111fddf0) 
thrown [s\open\src\hotspot\share\interpreter\linkResolver.cpp, line 796]
Event: 1.382 Thread 0x000002a7481ff960 Exception <a 'java/lang/IncompatibleClassChangeError'{0x0000000710f66de0}: Found class java.lang.Object, but interface was expected> (0x0000000710f66de0) 
thrown [s\open\src\hotspot\share\interpreter\linkResolver.cpp, line 863]
Event: 1.428 Thread 0x000002a7481ff960 Exception <a 'java/lang/NoSuchMethodError'{0x0000000710cbcbb0}: 'int java.lang.invoke.DirectMethodHandle$Holder.invokeSpecial(java.lang.Object, java.lang.Object, java.lang.Object, java.lang.Object)'> (0x0000000710cbcbb0) 
thrown [s\open\src\hotspot\share\interpreter\linkResolver.cpp, line 796]
Event: 1.437 Thread 0x000002a7481ff960 Exception <a 'java/lang/NoSuchMethodError'{0x0000000710cd79b0}: 'int java.lang.invoke.DirectMethodHandle$Holder.invokeSpecial(java.lang.Object, java.lang.Object, java.lang.Object, java.lang.Object, java.lang.Object)'> (0x0000000710cd79b0) 
thrown [s\open\src\hotspot\share\interpreter\linkResolver.cpp, line 796]
Event: 1.439 Thread 0x000002a7481ff960 Exception <a 'java/lang/NoSuchMethodError'{0x0000000710cdfff0}: 'void java.lang.invoke.DirectMethodHandle$Holder.invokeVirtual(java.lang.Object, java.lang.Object)'> (0x0000000710cdfff0) 
thrown [s\open\src\hotspot\share\interpreter\linkResolver.cpp, line 796]
Event: 1.534 Thread 0x000002a7481ff960 Exception <a 'java/lang/NoSuchMethodError'{0x0000000711a18c68}: 'void java.lang.invoke.DirectMethodHandle$Holder.invokeVirtual(java.lang.Object, java.lang.Object, java.lang.Object, java.lang.Object)'> (0x0000000711a18c68) 
thrown [s\open\src\hotspot\share\interpreter\linkResolver.cpp, line 796]
Event: 1.685 Thread 0x000002a7481ff960 Exception <a 'java/lang/NoSuchMethodError'{0x00000007119d5640}: 'java.lang.Object java.lang.invoke.DirectMethodHandle$Holder.newInvokeSpecial(java.lang.Object, java.lang.Object, java.lang.Object, java.lang.Object, java.lang.Object, java.lang.Object, java.lang.Object)'> (0x00000007119d5640) 
thrown [s\open\src\hotspot\share\interpreter\linkResolver.cpp, line 796]
Event: 1.760 Thread 0x000002a7481ff960 Exception <a 'java/lang/NoSuchMethodError'{0x000000071177d918}: 'java.lang.Object java.lang.invoke.DirectMethodHandle$Holder.invokeInterface(java.lang.Object, java.lang.Object, java.lang.Object, java.lang.Object)'> (0x000000071177d918) 
thrown [s\open\src\hotspot\share\interpreter\linkResolver.cpp, line 796]
Event: 1.764 Thread 0x000002a7481ff960 Exception <a 'java/lang/NoSuchMethodError'{0x0000000711797350}: 'java.lang.Object java.lang.invoke.DirectMethodHandle$Holder.newInvokeSpecial(java.lang.Object, java.lang.Object, java.lang.Object, java.lang.Object, int)'> (0x0000000711797350) 
thrown [s\open\src\hotspot\share\interpreter\linkResolver.cpp, line 796]
Event: 1.765 Thread 0x000002a7481ff960 Exception <a 'java/lang/NoSuchMethodError'{0x000000071179b990}: 'java.lang.Object java.lang.invoke.DirectMethodHandle$Holder.invokeSpecial(java.lang.Object, java.lang.Object, java.lang.Object, java.lang.Object, java.lang.Object, int)'> (0x000000071179b990) 
thrown [s\open\src\hotspot\share\interpreter\linkResolver.cpp, line 796]
Event: 1.765 Thread 0x000002a7481ff960 Exception <a 'java/lang/NoSuchMethodError'{0x000000071179f6d8}: 'java.lang.Object java.lang.invoke.Invokers$Holder.linkToTargetMethod(java.lang.Object, java.lang.Object, java.lang.Object, int, java.lang.Object)'> (0x000000071179f6d8) 
thrown [s\open\src\hotspot\share\interpreter\linkResolver.cpp, line 796]
Event: 1.770 Thread 0x000002a7481ff960 Exception <a 'java/lang/NoSuchMethodError'{0x00000007117cc6f0}: 'java.lang.Object java.lang.invoke.DirectMethodHandle$Holder.invokeInterface(java.lang.Object, java.lang.Object, java.lang.Object, java.lang.Object, java.lang.Object)'> (0x00000007117cc6f0) 
thrown [s\open\src\hotspot\share\interpreter\linkResolver.cpp, line 796]
Event: 1.771 Thread 0x000002a7481ff960 Exception <a 'java/lang/IncompatibleClassChangeError'{0x00000007117d0440}: Found class java.lang.Object, but interface was expected> (0x00000007117d0440) 
thrown [s\open\src\hotspot\share\interpreter\linkResolver.cpp, line 863]

VM Operations (20 events):
Event: 0.619 Executing VM operation: HandshakeAllThreads (Deoptimize)
Event: 0.619 Executing VM operation: HandshakeAllThreads (Deoptimize) done
Event: 0.619 Executing VM operation: HandshakeAllThreads (Deoptimize)
Event: 0.619 Executing VM operation: HandshakeAllThreads (Deoptimize) done
Event: 0.626 Executing VM operation: HandshakeAllThreads (Deoptimize)
Event: 0.626 Executing VM operation: HandshakeAllThreads (Deoptimize) done
Event: 0.789 Executing VM operation: G1CollectForAllocation (G1 Evacuation Pause)
Event: 0.796 Executing VM operation: G1CollectForAllocation (G1 Evacuation Pause) done
Event: 0.829 Executing VM operation: HandshakeAllThreads (Deoptimize)
Event: 0.829 Executing VM operation: HandshakeAllThreads (Deoptimize) done
Event: 0.999 Executing VM operation: HandshakeAllThreads (Deoptimize)
Event: 1.000 Executing VM operation: HandshakeAllThreads (Deoptimize) done
Event: 1.398 Executing VM operation: HandshakeAllThreads (Deoptimize)
Event: 1.398 Executing VM operation: HandshakeAllThreads (Deoptimize) done
Event: 1.472 Executing VM operation: G1CollectForAllocation (G1 Evacuation Pause)
Event: 1.477 Executing VM operation: G1CollectForAllocation (G1 Evacuation Pause) done
Event: 1.527 Executing VM operation: HandshakeAllThreads (Deoptimize)
Event: 1.527 Executing VM operation: HandshakeAllThreads (Deoptimize) done
Event: 1.774 Executing VM operation: HandshakeAllThreads (Deoptimize)
Event: 1.774 Executing VM operation: HandshakeAllThreads (Deoptimize) done

Memory protections (0 events):
No events

Nmethod flushes (0 events):
No events

Events (14 events):
Event: 0.032 Thread 0x000002a7481ff960 Thread added: 0x000002a7481ff960
Event: 0.050 Thread 0x000002a7481ff960 Thread added: 0x000002a74501c0c0
Event: 0.050 Thread 0x000002a7481ff960 Thread added: 0x000002a74501d8a0
Event: 0.051 Thread 0x000002a7481ff960 Thread added: 0x000002a74501f570
Event: 0.051 Thread 0x000002a7481ff960 Thread added: 0x000002a745020230
Event: 0.051 Thread 0x000002a7481ff960 Thread added: 0x000002a745020dc0
Event: 0.051 Thread 0x000002a7481ff960 Thread added: 0x000002a745021bd0
Event: 0.051 Thread 0x000002a7481ff960 Thread added: 0x000002a745024d70
Event: 0.051 Thread 0x000002a7481ff960 Thread added: 0x000002a745031590
Event: 0.073 Thread 0x000002a7481ff960 Thread added: 0x000002a7451e0aa0
Event: 0.074 Thread 0x000002a7481ff960 Thread added: 0x000002a7451e2130
Event: 0.204 Thread 0x000002a745031590 Thread added: 0x000002a745307460
Event: 0.292 Thread 0x000002a7481ff960 Thread added: 0x000002a767d71a80
Event: 0.306 Thread 0x000002a7481ff960 Thread added: 0x000002a767dac1f0


Dynamic libraries:
0x00007ff7a6e70000 - 0x00007ff7a6e80000 	C:\Program Files\Java\jdk-23\bin\java.exe
0x00007ff911890000 - 0x00007ff911aa7000 	C:\WINDOWS\SYSTEM32\ntdll.dll
0x00007ff90ff40000 - 0x00007ff910004000 	C:\WINDOWS\System32\KERNEL32.DLL
0x00007ff90eb70000 - 0x00007ff90ef40000 	C:\WINDOWS\System32\KERNELBASE.dll
0x00007ff90f1b0000 - 0x00007ff90f2c1000 	C:\WINDOWS\System32\ucrtbase.dll
0x00007ff8f0370000 - 0x00007ff8f038b000 	C:\Program Files\Java\jdk-23\bin\VCRUNTIME140.dll
0x00007ff8ded40000 - 0x00007ff8ded57000 	C:\Program Files\Java\jdk-23\bin\jli.dll
0x00007ff9104a0000 - 0x00007ff91064e000 	C:\WINDOWS\System32\USER32.dll
0x00007ff90eb40000 - 0x00007ff90eb66000 	C:\WINDOWS\System32\win32u.dll
0x00007ff8f1f70000 - 0x00007ff8f2202000 	C:\WINDOWS\WinSxS\amd64_microsoft.windows.common-controls_6595b64144ccf1df_6.0.22621.4830_none_270fe7d773858e80\COMCTL32.dll
0x00007ff911820000 - 0x00007ff911849000 	C:\WINDOWS\System32\GDI32.dll
0x00007ff910780000 - 0x00007ff910827000 	C:\WINDOWS\System32\msvcrt.dll
0x00007ff90f090000 - 0x00007ff90f1ab000 	C:\WINDOWS\System32\gdi32full.dll
0x00007ff90ef40000 - 0x00007ff90efda000 	C:\WINDOWS\System32\msvcp_win.dll
0x00007ff910f70000 - 0x00007ff910fa1000 	C:\WINDOWS\System32\IMM32.DLL
0x00007ff8f4100000 - 0x00007ff8f410c000 	C:\Program Files\Java\jdk-23\bin\vcruntime140_1.dll
0x00007ff8cb210000 - 0x00007ff8cb29e000 	C:\Program Files\Java\jdk-23\bin\msvcp140.dll
0x00007ff876fc0000 - 0x00007ff877d0f000 	C:\Program Files\Java\jdk-23\bin\server\jvm.dll
0x00007ff910650000 - 0x00007ff910701000 	C:\WINDOWS\System32\ADVAPI32.dll
0x00007ff910830000 - 0x00007ff9108d7000 	C:\WINDOWS\System32\sechost.dll
0x00007ff90efe0000 - 0x00007ff90f008000 	C:\WINDOWS\System32\bcrypt.dll
0x00007ff90f580000 - 0x00007ff90f694000 	C:\WINDOWS\System32\RPCRT4.dll
0x00007ff9112b0000 - 0x00007ff911321000 	C:\WINDOWS\System32\WS2_32.dll
0x00007ff90db20000 - 0x00007ff90db6d000 	C:\WINDOWS\SYSTEM32\POWRPROF.dll
0x00007ff907270000 - 0x00007ff9072a4000 	C:\WINDOWS\SYSTEM32\WINMM.dll
0x00007ff906e10000 - 0x00007ff906e1a000 	C:\WINDOWS\SYSTEM32\VERSION.dll
0x00007ff90da60000 - 0x00007ff90da73000 	C:\WINDOWS\SYSTEM32\UMPDC.dll
0x00007ff90dc70000 - 0x00007ff90dc88000 	C:\WINDOWS\SYSTEM32\kernel.appcore.dll
0x00007ff8f0360000 - 0x00007ff8f036a000 	C:\Program Files\Java\jdk-23\bin\jimage.dll
0x00007ff905970000 - 0x00007ff905ba2000 	C:\WINDOWS\SYSTEM32\DBGHELP.DLL
0x00007ff910010000 - 0x00007ff9103a0000 	C:\WINDOWS\System32\combase.dll
0x00007ff911740000 - 0x00007ff911817000 	C:\WINDOWS\System32\OLEAUT32.dll
0x00007ff905930000 - 0x00007ff905962000 	C:\WINDOWS\SYSTEM32\dbgcore.DLL
0x00007ff90f500000 - 0x00007ff90f57b000 	C:\WINDOWS\System32\bcryptPrimitives.dll
0x00007ff8dca70000 - 0x00007ff8dca8e000 	C:\Program Files\Java\jdk-23\bin\java.dll
0x00007ff910dc0000 - 0x00007ff910f61000 	C:\WINDOWS\System32\ole32.dll
0x00007ff90f6c0000 - 0x00007ff90ff38000 	C:\WINDOWS\System32\SHELL32.dll
0x00007ff90ca90000 - 0x00007ff90d3a0000 	C:\WINDOWS\SYSTEM32\windows.storage.dll
0x00007ff90c950000 - 0x00007ff90ca8f000 	C:\WINDOWS\SYSTEM32\wintypes.dll
0x00007ff911600000 - 0x00007ff91170a000 	C:\WINDOWS\System32\SHCORE.dll
0x00007ff9110f0000 - 0x00007ff91114e000 	C:\WINDOWS\System32\shlwapi.dll
0x00007ff90ea70000 - 0x00007ff90ea9b000 	C:\WINDOWS\SYSTEM32\profapi.dll
0x00007ff8c0a00000 - 0x00007ff8c0ad7000 	C:\Program Files\Java\jdk-23\bin\jsvml.dll
0x00007ff8e1cf0000 - 0x00007ff8e1d00000 	C:\Program Files\Java\jdk-23\bin\net.dll
0x00007ff90e0f0000 - 0x00007ff90e15a000 	C:\WINDOWS\system32\mswsock.dll
0x00007ff8dc730000 - 0x00007ff8dc746000 	C:\Program Files\Java\jdk-23\bin\nio.dll
0x00007ff8dbc90000 - 0x00007ff8dbca7000 	C:\Program Files\Java\jdk-23\bin\zip.dll
0x00007ff8e1c20000 - 0x00007ff8e1c2a000 	C:\Program Files\Java\jdk-23\bin\management.dll
0x00007ff8e1c10000 - 0x00007ff8e1c1b000 	C:\Program Files\Java\jdk-23\bin\management_ext.dll
0x00007ff911730000 - 0x00007ff911738000 	C:\WINDOWS\System32\PSAPI.DLL

dbghelp: loaded successfully - version: 4.0.5 - missing functions: none
symbol engine: initialized successfully - sym options: 0x614 - pdb path: .;C:\Program Files\Java\jdk-23\bin;C:\WINDOWS\SYSTEM32;C:\WINDOWS\WinSxS\amd64_microsoft.windows.common-controls_6595b64144ccf1df_6.0.22621.4830_none_270fe7d773858e80;C:\Program Files\Java\jdk-23\bin\server

VM Arguments:
java_command: C:\Users\7atem\AppData\Local\Temp\surefire4132660250159492909\surefirebooter-20250219212858586_3.jar C:\Users\7atem\AppData\Local\Temp\surefire4132660250159492909 2025-02-19T21-28-58_306-jvmRun1 surefire-20250219212858586_1tmp surefire_0-20250219212858586_2tmp
java_class_path (initial): C:\Users\7atem\AppData\Local\Temp\surefire4132660250159492909\surefirebooter-20250219212858586_3.jar
Launcher Type: SUN_STANDARD

[Global flags]
     intx CICompilerCount                          = 4                                         {product} {ergonomic}
     uint ConcGCThreads                            = 3                                         {product} {ergonomic}
     uint G1ConcRefinementThreads                  = 10                                        {product} {ergonomic}
   size_t G1HeapRegionSize                         = 2097152                                   {product} {ergonomic}
   size_t InitialHeapSize                          = 268435456                                 {product} {ergonomic}
   size_t MarkStackSize                            = 4194304                                   {product} {ergonomic}
   size_t MarkStackSizeMax                         = 536870912                                 {product} {ergonomic}
   size_t MaxHeapSize                              = 4263510016                                {product} {ergonomic}
   size_t MaxNewSize                               = 2556428288                                {product} {ergonomic}
   size_t MinHeapDeltaBytes                        = 2097152                                   {product} {ergonomic}
   size_t MinHeapSize                              = 8388608                                   {product} {ergonomic}
    uintx NonNMethodCodeHeapSize                   = 5832704                                {pd product} {ergonomic}
    uintx NonProfiledCodeHeapSize                  = 122945536                              {pd product} {ergonomic}
    uintx ProfiledCodeHeapSize                     = 122880000                              {pd product} {ergonomic}
    uintx ReservedCodeCacheSize                    = 251658240                              {pd product} {ergonomic}
     bool SegmentedCodeCache                       = true                                      {product} {ergonomic}
   size_t SoftMaxHeapSize                          = 4263510016                             {manageable} {ergonomic}
     bool UseCompressedOops                        = true                           {product lp64_product} {ergonomic}
     bool UseG1GC                                  = true                                      {product} {ergonomic}
     bool UseLargePagesIndividualAllocation        = false                                  {pd product} {ergonomic}

Logging:
Log output configuration:
 #0: stdout all=warning uptime,level,tags foldmultilines=false
 #1: stderr all=off uptime,level,tags foldmultilines=false

Environment Variables:
PATH=C:\Program Files\Common Files\Oracle\Java\javapath;C:\Program Files\NVIDIA GPU Computing Toolkit\CUDA\v11.8\bin;C:\Program Files\NVIDIA GPU Computing Toolkit\CUDA\v11.8\libnvvp;C:\Program Files (x86)\Common Files\Intel\Shared Libraries\redist\intel64\compiler;C:\WinAVR-20100110\bin;C:\WinAVR-20100110\utils\bin;C:\Program Files (x86)\Common Files\Oracle\Java\javapath;C:\WINDOWS\system32;C:\WINDOWS;C:\WINDOWS\System32\Wbem;C:\WINDOWS\System32\WindowsPowerShell\v1.0\;C:\WINDOWS\System32\OpenSSH\;C:\Program Files\Microsoft\Web Platform Installer\;C:\Program Files (x86)\Microsoft ASP.NET\ASP.NET Web Pages\v1.0\;C:\Program Files\Microsoft SQL Server\110\Tools\Binn\;C:\Users\7atem\Downloads\avrdude-6.4-mingw32;C:\Program Files\Git\cmd;C:\xampp\php;C:\ProgramData\ComposerSetup\bin;D:\Program Files\Polyspace\R2021a\runtime\win64;D:\Program Files\Polyspace\R2021a\bin;D:\Program Files\Polyspace\R2021a\polyspace\bin;C:\Users\7atem\AppData\Local\Programs\Python\Python311;C:\Users\7atem\AppData\Local\Programs\Microsoft VS Code;C:\Users\7atem\AppData\Local\Programs\Python\Python311\Tools\scripts;C:\Users\7atem\AppData\Local\Programs\Python\Python311\Scripts;C:\Program Files (x86)\NVIDIA Corporation\PhysX\Common;C:\Program Files\NVIDIA Corporation\NVIDIA NvDLISR;C:\Program Files\NVIDIA GPU Computing Toolkit\CUDA\v11.6\bin;C:\Program Files\NVIDIA Corporation\Nsight Compute 2022.3.0\;C:\Program Files\nodejs\;C:\Program Files\MongoDB\Server\7.0\bin;C:\apache-maven-3.9.9-bin\bin;C:\Program Files\Apache\Maven\apache-maven-3.9.9\bin;C:\Users\7atem\AppData\Local\Programs\Python\Python310\Scripts\;C:\Users\7atem\AppData\Local\Programs\Python\Python310\;C:\Users\7atem\AppData\Local\Microsoft\WindowsApps;C:\Users\7atem\AppData\Local\GitHubDesktop\bin;C:\Users\7atem\AppData\Local\Programs\Microsoft VS Code\bin;C:\Users\7atem\AppData\Roaming\Composer\vendor\bin;C:\Users\7atem\AppData\Local\Programs\Python\Python311\Tools\scripts;C:\Users\7atem\AppData\Local\Programs\Python\Python311;C:\Users\7atem\AppData\Local\Programs\Python\Python311\Scripts;C:\ffmpeg\bin;C:\Program Files\JetBrains\PyCharm Community Edition 2023.3.3\bin;;C:\Program Files\nodejs\node_modules\npm\bin;C:\Users\7atem\AppData\Roaming\npm;C:\Program Files\nodejs\node_modules\npm\bin;E:\dart\dart-sdk;E:\dart\dart-sdk\bin;E:\flutter\flutter;E:\flutter\flutter\bin;C:\Program Files\mongosh\;D:\Program Files\Tesseract-OCR;D:\Program Files (x86)\poppler-24.07.0\Library\bin;D:\Program Files (x86)\IntelliJ IDEA 2024.3\bin;;C:\Program Files\Apache\Maven\apache-maven-3.9.9\bin;C:\Program Files\Apache\Maven\apache-maven-3.9.9;
USERNAME=7atem
OS=Windows_NT
PROCESSOR_IDENTIFIER=Intel64 Family 6 Model 158 Stepping 13, GenuineIntel
TMP=C:\Users\7atem\AppData\Local\Temp
TEMP=C:\Users\7atem\AppData\Local\Temp




Periodic native trim disabled

---------------  S Y S T E M  ---------------

OS:
 Windows 11 , 64 bit Build 22621 (10.0.22621.4830)
OS uptime: 0 days 4:13 hours

CPU: total 12 (initial active 12) (6 cores per cpu, 2 threads per core) family 6 model 158 stepping 13 microcode 0xfa, cx8, cmov, fxsr, ht, mmx, 3dnowpref, sse, sse2, sse3, ssse3, sse4.1, sse4.2, popcnt, lzcnt, tsc, tscinvbit, avx, avx2, aes, erms, clmul, bmi1, bmi2, adx, fma, vzeroupper, clflush, clflushopt, rdtscp, f16c
Processor Information for processor 0
  Max Mhz: 2592, Current Mhz: 2592, Mhz Limit: 2592
Processor Information for processor 1
  Max Mhz: 2592, Current Mhz: 1495, Mhz Limit: 2592
Processor Information for processor 2
  Max Mhz: 2592, Current Mhz: 2592, Mhz Limit: 2592
Processor Information for processor 3
  Max Mhz: 2592, Current Mhz: 1495, Mhz Limit: 2592
Processor Information for processor 4
  Max Mhz: 2592, Current Mhz: 1495, Mhz Limit: 2592
Processor Information for processor 5
  Max Mhz: 2592, Current Mhz: 1495, Mhz Limit: 2592
Processor Information for processor 6
  Max Mhz: 2592, Current Mhz: 2592, Mhz Limit: 2592
Processor Information for processor 7
  Max Mhz: 2592, Current Mhz: 1495, Mhz Limit: 2592
Processor Information for processor 8
  Max Mhz: 2592, Current Mhz: 1495, Mhz Limit: 2592
Processor Information for processor 9
  Max Mhz: 2592, Current Mhz: 1495, Mhz Limit: 2592
Processor Information for processor 10
  Max Mhz: 2592, Current Mhz: 1495, Mhz Limit: 2592
Processor Information for processor 11
  Max Mhz: 2592, Current Mhz: 1495, Mhz Limit: 2592

Memory: 4k page, system-wide physical 16257M (2324M free)
TotalPageFile size 18305M (AvailPageFile size 5M)
current process WorkingSet (physical memory assigned to process): 129M, peak: 129M
current process commit charge ("private bytes"): 400M, peak: 400M

vm_info: Java HotSpot(TM) 64-Bit Server VM (23.0.1+11-39) for windows-amd64 JRE (23.0.1+11-39), built on 2024-09-30T07:20:43Z with MS VC++ 17.6 (VS2022)

END.
